<?xml version="1.0" encoding="UTF-8"?>
<testsuite name="com.ebay.SignInTest" tests="1" skipped="0" failures="0" errors="0" timestamp="2018-02-28T14:59:02" hostname="iMac.lan" time="7.306">
  <properties/>
  <testcase name="testCanLoginAsValidUser" classname="com.ebay.SignInTest" time="7.306"/>
  <system-out><![CDATA[testCanLoginAsValidUser
]]></system-out>
  <system-err><![CDATA[]]></system-err>
</testsuite>
